<?xml version="1.0" encoding="UTF-8"?>
<testng-results skipped="0" failed="0" ignored="0" total="2" passed="2">
  <reporter-output>
  </reporter-output>
  <suite name="Suite" duration-ms="8331" started-at="2019-02-06T09:21:01Z" finished-at="2019-02-06T09:21:09Z">
    <groups>
    </groups>
    <test name="Test" duration-ms="8331" started-at="2019-02-06T09:21:01Z" finished-at="2019-02-06T09:21:09Z">
      <class name="com.facebook.TestCases.LoginPageTest">
        <test-method status="PASS" signature="setUp()[pri:0, instance:com.facebook.TestCases.LoginPageTest@1fa1d9b]" name="setUp" is-config="true" duration-ms="82410" started-at="2019-02-06T09:19:38Z" finished-at="2019-02-06T09:21:01Z">
          <reporter-output>
          </reporter-output>
        </test-method> <!-- setUp -->
        <test-method status="PASS" signature="verifyTitleTest()[pri:0, instance:com.facebook.TestCases.LoginPageTest@1fa1d9b]" name="verifyTitleTest" duration-ms="372" started-at="2019-02-06T09:21:01Z" finished-at="2019-02-06T09:21:02Z">
          <reporter-output>
          </reporter-output>
        </test-method> <!-- verifyTitleTest -->
        <test-method status="PASS" signature="verifyLoginTest()[pri:0, instance:com.facebook.TestCases.LoginPageTest@1fa1d9b]" name="verifyLoginTest" duration-ms="7405" started-at="2019-02-06T09:21:02Z" finished-at="2019-02-06T09:21:09Z">
          <reporter-output>
          </reporter-output>
        </test-method> <!-- verifyLoginTest -->
        <test-method status="PASS" signature="tearDown()[pri:0, instance:com.facebook.TestCases.LoginPageTest@1fa1d9b]" name="tearDown" is-config="true" duration-ms="1328" started-at="2019-02-06T09:21:11Z" finished-at="2019-02-06T09:21:12Z">
          <reporter-output>
          </reporter-output>
        </test-method> <!-- tearDown -->
      </class> <!-- com.facebook.TestCases.LoginPageTest -->
    </test> <!-- Test -->
  </suite> <!-- Suite -->
</testng-results>
